<?xml version="1.0" encoding="UTF-8"?>
<!-- Generated by org.testng.reporters.JUnitReportReporter -->
<testsuite hostname="DESKTOP-382NOLR" failures="0" tests="1" name="cars.FerrariTest" time="9.356" errors="0" timestamp="2025-06-21T13:25:01 IST" skipped="0">
  <testcase classname="cars.FerrariTest" name="ferrarilaunch" time="9.356">
    <system-out>
      <![CDATA[Ferrari Launched]]>
    </system-out>
  </testcase> <!-- ferrarilaunch -->
  <system-out>
    <![CDATA[Audi Launched
BMW Launched
Ferrari Launched
Lamborghini Launched
sample class executed]]>
  </system-out>
</testsuite> <!-- cars.FerrariTest -->
