<?xml version="1.0" encoding="UTF-8"?>
<!-- Generated by org.testng.reporters.JUnitReportReporter -->
<testsuite hostname="DESKTOP-382NOLR" failures="0" tests="1" name="cars.BMWTest" time="6.220" errors="0" timestamp="2025-06-21T13:41:43 IST" skipped="0">
  <testcase classname="cars.BMWTest" name="BMWlaunch" time="6.220">
    <system-out>
      <![CDATA[BMW Launched]]>
    </system-out>
  </testcase> <!-- BMWlaunch -->
  <system-out>
    <![CDATA[BMW Launched]]>
  </system-out>
</testsuite> <!-- cars.BMWTest -->
