<?xml version="1.0" encoding="UTF-8"?>
<!-- Generated by org.testng.reporters.JUnitReportReporter -->
<testsuite hostname="DESKTOP-382NOLR" failures="0" tests="1" name="cars.AudiTest" time="11.459" errors="0" timestamp="2025-06-21T13:25:01 IST" skipped="0">
  <testcase classname="cars.AudiTest" name="audilaunch" time="11.459">
    <system-out>
      <![CDATA[Audi Launched]]>
    </system-out>
  </testcase> <!-- audilaunch -->
  <system-out>
    <![CDATA[Audi Launched
BMW Launched
Ferrari Launched
Lamborghini Launched
sample class executed]]>
  </system-out>
</testsuite> <!-- cars.AudiTest -->
