<?xml version="1.0" encoding="UTF-8"?>
<!-- Generated by org.testng.reporters.JUnitReportReporter -->
<testsuite hostname="DESKTOP-382NOLR" failures="0" tests="1" name="demo.sampleTest" time="2.756" errors="0" timestamp="2025-06-21T13:25:01 IST" skipped="0">
  <testcase classname="demo.sampleTest" name="launch" time="2.756">
    <system-out>
      <![CDATA[sample class executed]]>
    </system-out>
  </testcase> <!-- launch -->
  <system-out>
    <![CDATA[Audi Launched
BMW Launched
Ferrari Launched
Lamborghini Launched
sample class executed]]>
  </system-out>
</testsuite> <!-- demo.sampleTest -->
